0 verbose cli /Users/jem/.nvm/versions/node/v22.20.0/bin/node /Users/jem/.nvm/versions/node/v22.20.0/lib/node_modules/npm/bin/npm-cli.js
1 info using npm@10.9.3
2 info using node@v22.20.0
3 silly config load:file:/Users/jem/.nvm/versions/node/v22.20.0/lib/node_modules/npm/npmrc
4 silly config load:file:/Users/jem/Documents/trafficlaw_chatbot/.npmrc
5 silly config load:file:/Users/jem/.npmrc
6 silly config load:file:/Users/jem/.nvm/versions/node/v22.20.0/etc/npmrc
7 verbose title npm exec create-next-app@latest apps/web --typescript --tailwind --eslint --src-dir --use-npm --no-git --import-alias @/*
8 verbose argv "exec" "--yes" "--" "create-next-app@latest" "apps/web" "--typescript" "--tailwind" "--eslint" "--src-dir" "--use-npm" "--no-git" "--import-alias" "@/*"
9 verbose logfile logs-max:10 dir:/Users/jem/Documents/trafficlaw_chatbot/.npm-cache/_logs/2025-10-28T13_27_20_099Z-
10 verbose logfile /Users/jem/Documents/trafficlaw_chatbot/.npm-cache/_logs/2025-10-28T13_27_20_099Z-debug-0.log
11 silly logfile done cleaning log files
12 silly packumentCache heap:4345298944 maxSize:1086324736 maxEntrySize:543162368
13 http fetch GET 200 https://registry.npmjs.org/npm 531ms
14 http fetch GET 200 https://registry.npmjs.org/create-next-app 648ms (cache miss)
15 silly packumentCache heap:4345298944 maxSize:1086324736 maxEntrySize:543162368
16 silly packumentCache heap:4345298944 maxSize:1086324736 maxEntrySize:543162368
17 silly idealTree buildDeps
18 silly fetch manifest create-next-app@16.0.0
19 silly packumentCache full:https://registry.npmjs.org/create-next-app cache-miss
20 http fetch GET 200 https://registry.npmjs.org/create-next-app 343ms (cache miss)
21 silly packumentCache full:https://registry.npmjs.org/create-next-app set size:undefined disposed:false
22 silly placeDep ROOT create-next-app@16.0.0 OK for:  want: 16.0.0
23 silly reify moves {}
24 silly audit bulk request { 'create-next-app': [ '16.0.0' ] }
25 http cache create-next-app@https://registry.npmjs.org/create-next-app/-/create-next-app-16.0.0.tgz 0ms (cache hit)
26 silly tarball no local data for create-next-app@https://registry.npmjs.org/create-next-app/-/create-next-app-16.0.0.tgz. Extracting by manifest.
27 http fetch GET 200 https://registry.npmjs.org/create-next-app/-/create-next-app-16.0.0.tgz 114ms (cache miss)
28 http fetch POST 200 https://registry.npmjs.org/-/npm/v1/security/advisories/bulk 265ms
29 silly audit report {}
30 verbose cwd /Users/jem/Documents/trafficlaw_chatbot
31 verbose os Darwin 24.6.0
32 verbose node v22.20.0
33 verbose npm  v10.9.3
34 notice
34 notice New major version of npm available! 10.9.3 -> 11.6.2
34 notice Changelog: https://github.com/npm/cli/releases/tag/v11.6.2
34 notice To update run: npm install -g npm@11.6.2
34 notice  { force: true, [Symbol(proc-log.meta)]: true }
35 verbose exit 0
36 info ok
