0 verbose cli /Users/jem/.nvm/versions/node/v22.20.0/bin/node /Users/jem/.nvm/versions/node/v22.20.0/bin/npm
1 info using npm@10.9.3
2 info using node@v22.20.0
3 silly config load:file:/Users/jem/.nvm/versions/node/v22.20.0/lib/node_modules/npm/npmrc
4 silly config load:file:/Users/jem/Documents/trafficlaw_chatbot/.npmrc
5 silly config load:file:/Users/jem/.npmrc
6 silly config load:file:/Users/jem/.nvm/versions/node/v22.20.0/etc/npmrc
7 verbose title npm i concurrently
8 verbose argv "i" "--save-dev" "concurrently"
9 verbose logfile logs-max:10 dir:/Users/jem/Documents/trafficlaw_chatbot/.npm-cache/_logs/2025-10-28T13_27_23_096Z-
10 verbose logfile /Users/jem/Documents/trafficlaw_chatbot/.npm-cache/_logs/2025-10-28T13_27_23_096Z-debug-0.log
11 silly logfile done cleaning log files
12 silly packumentCache heap:4345298944 maxSize:1086324736 maxEntrySize:543162368
13 silly idealTree buildDeps
14 silly fetch manifest concurrently@*
15 silly packumentCache full:https://registry.npmjs.org/concurrently cache-miss
16 http fetch GET 200 https://registry.npmjs.org/concurrently 828ms (cache miss)
17 silly packumentCache full:https://registry.npmjs.org/concurrently set size:undefined disposed:false
18 silly placeDep ROOT concurrently@9.2.1 OK for: trafficlaw_chatbot@1.0.0 want: *
19 silly fetch manifest rxjs@7.8.2
20 silly packumentCache full:https://registry.npmjs.org/rxjs cache-miss
21 silly fetch manifest chalk@4.1.2
22 silly packumentCache full:https://registry.npmjs.org/chalk cache-miss
23 silly fetch manifest yargs@17.7.2
24 silly packumentCache full:https://registry.npmjs.org/yargs cache-miss
25 silly fetch manifest tree-kill@1.2.2
26 silly packumentCache full:https://registry.npmjs.org/tree-kill cache-miss
27 silly fetch manifest shell-quote@1.8.3
28 silly packumentCache full:https://registry.npmjs.org/shell-quote cache-miss
29 silly fetch manifest supports-color@8.1.1
30 silly packumentCache full:https://registry.npmjs.org/supports-color cache-miss
31 http fetch GET 200 https://registry.npmjs.org/rxjs 130ms (cache miss)
32 silly packumentCache full:https://registry.npmjs.org/rxjs set size:undefined disposed:false
33 http fetch GET 200 https://registry.npmjs.org/tree-kill 257ms (cache miss)
34 silly packumentCache full:https://registry.npmjs.org/tree-kill set size:undefined disposed:false
35 http fetch GET 200 https://registry.npmjs.org/supports-color 260ms (cache miss)
36 silly packumentCache full:https://registry.npmjs.org/supports-color set size:undefined disposed:false
37 http fetch GET 200 https://registry.npmjs.org/chalk 262ms (cache miss)
38 silly packumentCache full:https://registry.npmjs.org/chalk set size:undefined disposed:false
39 http fetch GET 200 https://registry.npmjs.org/shell-quote 275ms (cache miss)
40 silly packumentCache full:https://registry.npmjs.org/shell-quote set size:undefined disposed:false
41 http fetch GET 200 https://registry.npmjs.org/yargs 306ms (cache miss)
42 silly packumentCache full:https://registry.npmjs.org/yargs set size:undefined disposed:false
43 silly placeDep ROOT chalk@4.1.2 OK for: concurrently@9.2.1 want: 4.1.2
44 silly placeDep ROOT rxjs@7.8.2 OK for: concurrently@9.2.1 want: 7.8.2
45 silly placeDep ROOT shell-quote@1.8.3 OK for: concurrently@9.2.1 want: 1.8.3
46 silly placeDep ROOT supports-color@8.1.1 OK for: concurrently@9.2.1 want: 8.1.1
47 silly placeDep ROOT tree-kill@1.2.2 OK for: concurrently@9.2.1 want: 1.2.2
48 silly placeDep ROOT yargs@17.7.2 OK for: concurrently@9.2.1 want: 17.7.2
49 silly fetch manifest ansi-styles@^4.1.0
50 silly packumentCache full:https://registry.npmjs.org/ansi-styles cache-miss
51 silly fetch manifest supports-color@^7.1.0
52 silly packumentCache full:https://registry.npmjs.org/supports-color cache-miss
53 silly fetch manifest tslib@^2.1.0
54 silly packumentCache full:https://registry.npmjs.org/tslib cache-miss
55 silly fetch manifest has-flag@^4.0.0
56 silly packumentCache full:https://registry.npmjs.org/has-flag cache-miss
57 silly fetch manifest y18n@^5.0.5
58 silly packumentCache full:https://registry.npmjs.org/y18n cache-miss
59 silly fetch manifest cliui@^8.0.1
60 silly packumentCache full:https://registry.npmjs.org/cliui cache-miss
61 silly fetch manifest escalade@^3.1.1
62 silly packumentCache full:https://registry.npmjs.org/escalade cache-miss
63 silly fetch manifest string-width@^4.2.3
64 silly packumentCache full:https://registry.npmjs.org/string-width cache-miss
65 silly fetch manifest yargs-parser@^21.1.1
66 silly packumentCache full:https://registry.npmjs.org/yargs-parser cache-miss
67 http cache https://registry.npmjs.org/supports-color 7ms (cache hit)
68 silly packumentCache full:https://registry.npmjs.org/supports-color set size:118680 disposed:false
69 silly fetch manifest get-caller-file@^2.0.5
70 silly packumentCache full:https://registry.npmjs.org/get-caller-file cache-miss
71 http fetch GET 200 https://registry.npmjs.org/has-flag 94ms (cache miss)
72 silly packumentCache full:https://registry.npmjs.org/has-flag set size:undefined disposed:false
73 silly fetch manifest require-directory@^2.1.1
74 silly packumentCache full:https://registry.npmjs.org/require-directory cache-miss
75 http fetch GET 200 https://registry.npmjs.org/ansi-styles 97ms (cache miss)
76 silly packumentCache full:https://registry.npmjs.org/ansi-styles set size:undefined disposed:false
77 http fetch GET 200 https://registry.npmjs.org/escalade 100ms (cache miss)
78 silly packumentCache full:https://registry.npmjs.org/escalade set size:undefined disposed:false
79 http fetch GET 200 https://registry.npmjs.org/y18n 102ms (cache miss)
80 silly packumentCache full:https://registry.npmjs.org/y18n set size:undefined disposed:false
81 http fetch GET 200 https://registry.npmjs.org/cliui 116ms (cache miss)
82 silly packumentCache full:https://registry.npmjs.org/cliui set size:undefined disposed:false
83 http fetch GET 200 https://registry.npmjs.org/tslib 166ms (cache miss)
84 silly packumentCache full:https://registry.npmjs.org/tslib set size:undefined disposed:false
85 http fetch GET 200 https://registry.npmjs.org/require-directory 103ms (cache miss)
86 silly packumentCache full:https://registry.npmjs.org/require-directory set size:undefined disposed:false
87 http fetch GET 200 https://registry.npmjs.org/get-caller-file 287ms (cache miss)
88 silly packumentCache full:https://registry.npmjs.org/get-caller-file set size:undefined disposed:false
89 http fetch GET 200 https://registry.npmjs.org/string-width 307ms (cache miss)
90 silly packumentCache full:https://registry.npmjs.org/string-width set size:undefined disposed:false
91 http fetch GET 200 https://registry.npmjs.org/yargs-parser 317ms (cache miss)
92 silly packumentCache full:https://registry.npmjs.org/yargs-parser set size:undefined disposed:false
93 silly placeDep ROOT ansi-styles@4.3.0 OK for: chalk@4.1.2 want: ^4.1.0
94 silly placeDep node_modules/chalk supports-color@7.2.0 OK for: chalk@4.1.2 want: ^7.1.0
95 silly fetch manifest color-convert@^2.0.1
96 silly packumentCache full:https://registry.npmjs.org/color-convert cache-miss
97 http fetch GET 200 https://registry.npmjs.org/color-convert 87ms (cache miss)
98 silly packumentCache full:https://registry.npmjs.org/color-convert set size:undefined disposed:false
99 silly placeDep ROOT color-convert@2.0.1 OK for: ansi-styles@4.3.0 want: ^2.0.1
100 silly fetch manifest color-name@~1.1.4
101 silly packumentCache full:https://registry.npmjs.org/color-name cache-miss
102 http fetch GET 200 https://registry.npmjs.org/color-name 96ms (cache miss)
103 silly packumentCache full:https://registry.npmjs.org/color-name set size:undefined disposed:false
104 silly placeDep ROOT color-name@1.1.4 OK for: color-convert@2.0.1 want: ~1.1.4
105 silly placeDep ROOT tslib@2.8.1 OK for: rxjs@7.8.2 want: ^2.1.0
106 silly placeDep ROOT has-flag@4.0.0 OK for: supports-color@8.1.1 want: ^4.0.0
107 silly placeDep ROOT cliui@8.0.1 OK for: yargs@17.7.2 want: ^8.0.1
108 silly placeDep ROOT escalade@3.2.0 OK for: yargs@17.7.2 want: ^3.1.1
109 silly placeDep ROOT get-caller-file@2.0.5 OK for: yargs@17.7.2 want: ^2.0.5
110 silly placeDep ROOT require-directory@2.1.1 OK for: yargs@17.7.2 want: ^2.1.1
111 silly placeDep ROOT string-width@4.2.3 OK for: yargs@17.7.2 want: ^4.2.3
112 silly placeDep ROOT y18n@5.0.8 OK for: yargs@17.7.2 want: ^5.0.5
113 silly placeDep ROOT yargs-parser@21.1.1 OK for: yargs@17.7.2 want: ^21.1.1
114 silly fetch manifest wrap-ansi@^7.0.0
115 silly packumentCache full:https://registry.npmjs.org/wrap-ansi cache-miss
116 silly fetch manifest strip-ansi@^6.0.1
117 silly packumentCache full:https://registry.npmjs.org/strip-ansi cache-miss
118 silly fetch manifest string-width@^4.2.0
119 silly packumentCache full:https://registry.npmjs.org/string-width cache-miss
120 silly fetch manifest strip-ansi@^6.0.1
121 silly packumentCache full:https://registry.npmjs.org/strip-ansi cache-miss
122 silly fetch manifest emoji-regex@^8.0.0
123 silly packumentCache full:https://registry.npmjs.org/emoji-regex cache-miss
124 silly fetch manifest is-fullwidth-code-point@^3.0.0
125 silly packumentCache full:https://registry.npmjs.org/is-fullwidth-code-point cache-miss
126 http cache https://registry.npmjs.org/string-width 5ms (cache hit)
127 silly packumentCache full:https://registry.npmjs.org/string-width set size:64158 disposed:false
128 http fetch GET 200 https://registry.npmjs.org/strip-ansi 80ms (cache miss)
129 silly packumentCache full:https://registry.npmjs.org/strip-ansi set size:undefined disposed:false
130 http fetch GET 200 https://registry.npmjs.org/wrap-ansi 94ms (cache miss)
131 silly packumentCache full:https://registry.npmjs.org/wrap-ansi set size:undefined disposed:false
132 http fetch GET 200 https://registry.npmjs.org/strip-ansi 117ms (cache miss)
133 silly packumentCache full:https://registry.npmjs.org/strip-ansi set size:undefined disposed:false
134 http fetch GET 200 https://registry.npmjs.org/emoji-regex 118ms (cache miss)
135 silly packumentCache full:https://registry.npmjs.org/emoji-regex set size:undefined disposed:false
136 http fetch GET 200 https://registry.npmjs.org/is-fullwidth-code-point 130ms (cache miss)
137 silly packumentCache full:https://registry.npmjs.org/is-fullwidth-code-point set size:undefined disposed:false
138 silly placeDep ROOT strip-ansi@6.0.1 OK for: cliui@8.0.1 want: ^6.0.1
139 silly placeDep ROOT wrap-ansi@7.0.0 OK for: cliui@8.0.1 want: ^7.0.0
140 silly fetch manifest ansi-regex@^5.0.1
141 silly packumentCache full:https://registry.npmjs.org/ansi-regex cache-miss
142 http fetch GET 200 https://registry.npmjs.org/ansi-regex 123ms (cache miss)
143 silly packumentCache full:https://registry.npmjs.org/ansi-regex set size:undefined disposed:false
144 silly placeDep ROOT emoji-regex@8.0.0 OK for: string-width@4.2.3 want: ^8.0.0
145 silly placeDep ROOT is-fullwidth-code-point@3.0.0 OK for: string-width@4.2.3 want: ^3.0.0
146 silly placeDep ROOT ansi-regex@5.0.1 OK for: strip-ansi@6.0.1 want: ^5.0.1
147 silly reify moves {}
148 silly audit bulk request {
148 silly audit   concurrently: [ '9.2.1' ],
148 silly audit   chalk: [ '4.1.2' ],
148 silly audit   rxjs: [ '7.8.2' ],
148 silly audit   'shell-quote': [ '1.8.3' ],
148 silly audit   'supports-color': [ '8.1.1', '7.2.0' ],
148 silly audit   'tree-kill': [ '1.2.2' ],
148 silly audit   yargs: [ '17.7.2' ],
148 silly audit   'ansi-styles': [ '4.3.0' ],
148 silly audit   'color-convert': [ '2.0.1' ],
148 silly audit   'color-name': [ '1.1.4' ],
148 silly audit   tslib: [ '2.8.1' ],
148 silly audit   'has-flag': [ '4.0.0' ],
148 silly audit   cliui: [ '8.0.1' ],
148 silly audit   escalade: [ '3.2.0' ],
148 silly audit   'get-caller-file': [ '2.0.5' ],
148 silly audit   'require-directory': [ '2.1.1' ],
148 silly audit   'string-width': [ '4.2.3' ],
148 silly audit   y18n: [ '5.0.8' ],
148 silly audit   'yargs-parser': [ '21.1.1' ],
148 silly audit   'strip-ansi': [ '6.0.1' ],
148 silly audit   'wrap-ansi': [ '7.0.0' ],
148 silly audit   'emoji-regex': [ '8.0.0' ],
148 silly audit   'is-fullwidth-code-point': [ '3.0.0' ],
148 silly audit   'ansi-regex': [ '5.0.1' ]
148 silly audit }
149 http cache ansi-regex@https://registry.npmjs.org/ansi-regex/-/ansi-regex-5.0.1.tgz 0ms (cache hit)
150 http cache wrap-ansi@https://registry.npmjs.org/wrap-ansi/-/wrap-ansi-7.0.0.tgz 0ms (cache hit)
151 http cache is-fullwidth-code-point@https://registry.npmjs.org/is-fullwidth-code-point/-/is-fullwidth-code-point-3.0.0.tgz 0ms (cache hit)
152 http cache strip-ansi@https://registry.npmjs.org/strip-ansi/-/strip-ansi-6.0.1.tgz 0ms (cache hit)
153 http cache y18n@https://registry.npmjs.org/y18n/-/y18n-5.0.8.tgz 0ms (cache hit)
154 http cache string-width@https://registry.npmjs.org/string-width/-/string-width-4.2.3.tgz 0ms (cache hit)
155 http cache require-directory@https://registry.npmjs.org/require-directory/-/require-directory-2.1.1.tgz 0ms (cache hit)
156 http cache get-caller-file@https://registry.npmjs.org/get-caller-file/-/get-caller-file-2.0.5.tgz 0ms (cache hit)
157 http cache escalade@https://registry.npmjs.org/escalade/-/escalade-3.2.0.tgz 0ms (cache hit)
158 http cache has-flag@https://registry.npmjs.org/has-flag/-/has-flag-4.0.0.tgz 0ms (cache hit)
159 http cache color-name@https://registry.npmjs.org/color-name/-/color-name-1.1.4.tgz 0ms (cache hit)
160 http cache cliui@https://registry.npmjs.org/cliui/-/cliui-8.0.1.tgz 0ms (cache hit)
161 http cache color-convert@https://registry.npmjs.org/color-convert/-/color-convert-2.0.1.tgz 0ms (cache hit)
162 http cache ansi-styles@https://registry.npmjs.org/ansi-styles/-/ansi-styles-4.3.0.tgz 0ms (cache hit)
163 http cache yargs@https://registry.npmjs.org/yargs/-/yargs-17.7.2.tgz 0ms (cache hit)
164 http cache tree-kill@https://registry.npmjs.org/tree-kill/-/tree-kill-1.2.2.tgz 0ms (cache hit)
165 http cache tslib@https://registry.npmjs.org/tslib/-/tslib-2.8.1.tgz 0ms (cache hit)
166 http cache supports-color@https://registry.npmjs.org/supports-color/-/supports-color-8.1.1.tgz 0ms (cache hit)
167 http cache yargs-parser@https://registry.npmjs.org/yargs-parser/-/yargs-parser-21.1.1.tgz 0ms (cache hit)
168 http cache shell-quote@https://registry.npmjs.org/shell-quote/-/shell-quote-1.8.3.tgz 0ms (cache hit)
169 http cache rxjs@https://registry.npmjs.org/rxjs/-/rxjs-7.8.2.tgz 0ms (cache hit)
170 http cache emoji-regex@https://registry.npmjs.org/emoji-regex/-/emoji-regex-8.0.0.tgz 0ms (cache hit)
171 http cache concurrently@https://registry.npmjs.org/concurrently/-/concurrently-9.2.1.tgz 0ms (cache hit)
172 http cache supports-color@https://registry.npmjs.org/supports-color/-/supports-color-7.2.0.tgz 0ms (cache hit)
173 http cache chalk@https://registry.npmjs.org/chalk/-/chalk-4.1.2.tgz 0ms (cache hit)
174 silly tarball no local data for ansi-regex@https://registry.npmjs.org/ansi-regex/-/ansi-regex-5.0.1.tgz. Extracting by manifest.
175 silly tarball no local data for wrap-ansi@https://registry.npmjs.org/wrap-ansi/-/wrap-ansi-7.0.0.tgz. Extracting by manifest.
176 silly tarball no local data for is-fullwidth-code-point@https://registry.npmjs.org/is-fullwidth-code-point/-/is-fullwidth-code-point-3.0.0.tgz. Extracting by manifest.
177 silly tarball no local data for strip-ansi@https://registry.npmjs.org/strip-ansi/-/strip-ansi-6.0.1.tgz. Extracting by manifest.
178 silly tarball no local data for y18n@https://registry.npmjs.org/y18n/-/y18n-5.0.8.tgz. Extracting by manifest.
179 silly tarball no local data for string-width@https://registry.npmjs.org/string-width/-/string-width-4.2.3.tgz. Extracting by manifest.
180 silly tarball no local data for require-directory@https://registry.npmjs.org/require-directory/-/require-directory-2.1.1.tgz. Extracting by manifest.
181 silly tarball no local data for get-caller-file@https://registry.npmjs.org/get-caller-file/-/get-caller-file-2.0.5.tgz. Extracting by manifest.
182 silly tarball no local data for escalade@https://registry.npmjs.org/escalade/-/escalade-3.2.0.tgz. Extracting by manifest.
183 silly tarball no local data for has-flag@https://registry.npmjs.org/has-flag/-/has-flag-4.0.0.tgz. Extracting by manifest.
184 silly tarball no local data for color-name@https://registry.npmjs.org/color-name/-/color-name-1.1.4.tgz. Extracting by manifest.
185 silly tarball no local data for cliui@https://registry.npmjs.org/cliui/-/cliui-8.0.1.tgz. Extracting by manifest.
186 silly tarball no local data for color-convert@https://registry.npmjs.org/color-convert/-/color-convert-2.0.1.tgz. Extracting by manifest.
187 silly tarball no local data for ansi-styles@https://registry.npmjs.org/ansi-styles/-/ansi-styles-4.3.0.tgz. Extracting by manifest.
188 silly tarball no local data for yargs@https://registry.npmjs.org/yargs/-/yargs-17.7.2.tgz. Extracting by manifest.
189 silly tarball no local data for tree-kill@https://registry.npmjs.org/tree-kill/-/tree-kill-1.2.2.tgz. Extracting by manifest.
190 silly tarball no local data for tslib@https://registry.npmjs.org/tslib/-/tslib-2.8.1.tgz. Extracting by manifest.
191 silly tarball no local data for supports-color@https://registry.npmjs.org/supports-color/-/supports-color-8.1.1.tgz. Extracting by manifest.
192 silly tarball no local data for yargs-parser@https://registry.npmjs.org/yargs-parser/-/yargs-parser-21.1.1.tgz. Extracting by manifest.
193 silly tarball no local data for shell-quote@https://registry.npmjs.org/shell-quote/-/shell-quote-1.8.3.tgz. Extracting by manifest.
194 silly tarball no local data for rxjs@https://registry.npmjs.org/rxjs/-/rxjs-7.8.2.tgz. Extracting by manifest.
195 silly tarball no local data for emoji-regex@https://registry.npmjs.org/emoji-regex/-/emoji-regex-8.0.0.tgz. Extracting by manifest.
196 silly tarball no local data for concurrently@https://registry.npmjs.org/concurrently/-/concurrently-9.2.1.tgz. Extracting by manifest.
197 silly tarball no local data for supports-color@https://registry.npmjs.org/supports-color/-/supports-color-7.2.0.tgz. Extracting by manifest.
198 silly tarball no local data for chalk@https://registry.npmjs.org/chalk/-/chalk-4.1.2.tgz. Extracting by manifest.
199 http fetch GET 200 https://registry.npmjs.org/ansi-regex/-/ansi-regex-5.0.1.tgz 102ms (cache miss)
200 http fetch GET 200 https://registry.npmjs.org/wrap-ansi/-/wrap-ansi-7.0.0.tgz 102ms (cache miss)
201 http fetch GET 200 https://registry.npmjs.org/y18n/-/y18n-5.0.8.tgz 102ms (cache miss)
202 http fetch GET 200 https://registry.npmjs.org/require-directory/-/require-directory-2.1.1.tgz 102ms (cache miss)
203 http fetch GET 200 https://registry.npmjs.org/strip-ansi/-/strip-ansi-6.0.1.tgz 103ms (cache miss)
204 http fetch GET 200 https://registry.npmjs.org/is-fullwidth-code-point/-/is-fullwidth-code-point-3.0.0.tgz 118ms (cache miss)
205 http fetch GET 200 https://registry.npmjs.org/string-width/-/string-width-4.2.3.tgz 119ms (cache miss)
206 http fetch GET 200 https://registry.npmjs.org/get-caller-file/-/get-caller-file-2.0.5.tgz 118ms (cache miss)
207 http fetch GET 200 https://registry.npmjs.org/yargs/-/yargs-17.7.2.tgz 169ms (cache miss)
208 http fetch GET 200 https://registry.npmjs.org/supports-color/-/supports-color-8.1.1.tgz 186ms (cache miss)
209 http fetch GET 200 https://registry.npmjs.org/tree-kill/-/tree-kill-1.2.2.tgz 207ms (cache miss)
210 http fetch GET 200 https://registry.npmjs.org/emoji-regex/-/emoji-regex-8.0.0.tgz 208ms (cache miss)
211 http fetch GET 200 https://registry.npmjs.org/yargs-parser/-/yargs-parser-21.1.1.tgz 209ms (cache miss)
212 http fetch GET 200 https://registry.npmjs.org/tslib/-/tslib-2.8.1.tgz 215ms (cache miss)
213 http fetch GET 200 https://registry.npmjs.org/shell-quote/-/shell-quote-1.8.3.tgz 216ms (cache miss)
214 http fetch GET 200 https://registry.npmjs.org/escalade/-/escalade-3.2.0.tgz 272ms (cache miss)
215 http fetch GET 200 https://registry.npmjs.org/has-flag/-/has-flag-4.0.0.tgz 292ms (cache miss)
216 http fetch GET 200 https://registry.npmjs.org/concurrently/-/concurrently-9.2.1.tgz 294ms (cache miss)
217 http fetch GET 200 https://registry.npmjs.org/cliui/-/cliui-8.0.1.tgz 302ms (cache miss)
218 http fetch POST 200 https://registry.npmjs.org/-/npm/v1/security/advisories/bulk 318ms
219 silly audit report {}
220 http fetch GET 200 https://registry.npmjs.org/supports-color/-/supports-color-7.2.0.tgz 308ms (cache miss)
221 http fetch GET 200 https://registry.npmjs.org/color-convert/-/color-convert-2.0.1.tgz 309ms (cache miss)
222 http fetch GET 200 https://registry.npmjs.org/color-name/-/color-name-1.1.4.tgz 310ms (cache miss)
223 http fetch GET 200 https://registry.npmjs.org/chalk/-/chalk-4.1.2.tgz 309ms (cache miss)
224 http fetch GET 200 https://registry.npmjs.org/ansi-styles/-/ansi-styles-4.3.0.tgz 310ms (cache miss)
225 http fetch GET 200 https://registry.npmjs.org/rxjs/-/rxjs-7.8.2.tgz 396ms (cache miss)
226 silly ADD node_modules/ansi-regex
227 silly ADD node_modules/is-fullwidth-code-point
228 silly ADD node_modules/emoji-regex
229 silly ADD node_modules/wrap-ansi
230 silly ADD node_modules/strip-ansi
231 silly ADD node_modules/yargs-parser
232 silly ADD node_modules/y18n
233 silly ADD node_modules/string-width
234 silly ADD node_modules/require-directory
235 silly ADD node_modules/get-caller-file
236 silly ADD node_modules/escalade
237 silly ADD node_modules/cliui
238 silly ADD node_modules/has-flag
239 silly ADD node_modules/tslib
240 silly ADD node_modules/color-name
241 silly ADD node_modules/color-convert
242 silly ADD node_modules/ansi-styles
243 silly ADD node_modules/yargs
244 silly ADD node_modules/tree-kill
245 silly ADD node_modules/supports-color
246 silly ADD node_modules/shell-quote
247 silly ADD node_modules/rxjs
248 silly ADD node_modules/chalk
249 silly ADD node_modules/chalk/node_modules/supports-color
250 silly ADD node_modules/concurrently
251 verbose cwd /Users/jem/Documents/trafficlaw_chatbot
252 verbose os Darwin 24.6.0
253 verbose node v22.20.0
254 verbose npm  v10.9.3
255 verbose exit 0
256 info ok
